22:30:37 **** Incremental Build of configuration Debug for project ADC_calipration ****
make all 
Building file: ../main.c
Invoking: AVR Compiler
avr-gcc -Wall -g2 -gstabs -O0 -fpack-struct -fshort-enums -ffunction-sections -fdata-sections -std=gnu99 -funsigned-char -funsigned-bitfields -mmcu=atmega32 -DF_CPU=8000000UL -MMD -MP -MF"main.d" -MT"main.o" -c -o "main.o" "../main.c"
In file included from ../main.c:14:
e:/embedded_iti/01-embedded systems avr tools/01- imt sdk/imt_sdk_win_64/winavr/lib/gcc/../../avr/include/avr/delay.h:36:2: warning: #warning "This file has been moved to <util/delay.h>."
In file included from e:/embedded_iti/01-embedded systems avr tools/01- imt sdk/imt_sdk_win_64/winavr/lib/gcc/../../avr/include/avr/delay.h:37,
                 from ../main.c:14:
e:/embedded_iti/01-embedded systems avr tools/01- imt sdk/imt_sdk_win_64/winavr/lib/gcc/../../avr/include/util/delay.h:90:3: warning: #warning "Compiler optimizations disabled; functions from <util/delay.h> won't work as designed"
../main.c: In function 'main':
../main.c:24: warning: unused variable 'temp'
Finished building: ../main.c
 
Building target: ADC_calipration.elf
Invoking: AVR C Linker
avr-gcc -Wl,-Map,ADC_calipration.map -mmcu=atmega32 -o "ADC_calipration.elf"  ./COTS/Services/Mapping/Mapping_program.o  ./COTS/MCAL/DIO/DIO_program.o  ./COTS/MCAL/ADC/ADC_program.o  ./COTS/HAL/LM35/LM35_program.o  ./COTS/HAL/LCD/LCD_program.o  ./main.o   
Finished building target: ADC_calipration.elf
 
Invoking: AVR Create Extended Listing
avr-objdump -h -S ADC_calipration.elf  >"ADC_calipration.lss"
Finished building: ADC_calipration.lss
 
Create Flash image (ihex format)
avr-objcopy -R .eeprom -R .fuse -R .lock -R .signature -O ihex ADC_calipration.elf  "ADC_calipration.hex"
Finished building: ADC_calipration.hex
 
Invoking: Print Size
avr-size --format=avr --mcu=atmega32 ADC_calipration.elf
AVR Memory Usage
----------------
Device: atmega32

Program:    9582 bytes (29.2% Full)
(.text + .data + .bootloader)

Data:         10 bytes (0.5% Full)
(.data + .bss + .noinit)


Finished building: sizedummy
 

22:30:39 Build Finished (took 2s.86ms)

