09:04:26 **** Build of configuration Debug for project ADC_APP ****
make all 
Building file: ../COTS/MCAL/ADC/ADC_program.c
Invoking: AVR Compiler
avr-gcc -Wall -g2 -gstabs -O0 -fpack-struct -fshort-enums -ffunction-sections -fdata-sections -std=gnu99 -funsigned-char -funsigned-bitfields -mmcu=atmega32 -DF_CPU=8000000UL -MMD -MP -MF"COTS/MCAL/ADC/ADC_program.d" -MT"COTS/MCAL/ADC/ADC_program.o" -c -o "COTS/MCAL/ADC/ADC_program.o" "../COTS/MCAL/ADC/ADC_program.c"
Finished building: ../COTS/MCAL/ADC/ADC_program.c
 
Building file: ../main.c
Invoking: AVR Compiler
avr-gcc -Wall -g2 -gstabs -O0 -fpack-struct -fshort-enums -ffunction-sections -fdata-sections -std=gnu99 -funsigned-char -funsigned-bitfields -mmcu=atmega32 -DF_CPU=8000000UL -MMD -MP -MF"main.d" -MT"main.o" -c -o "main.o" "../main.c"
In file included from ../main.c:13:
e:/embedded_iti/01-embedded systems avr tools/01- imt sdk/imt_sdk_win_64/winavr/lib/gcc/../../avr/include/avr/delay.h:36:2: warning: #warning "This file has been moved to <util/delay.h>."
In file included from e:/embedded_iti/01-embedded systems avr tools/01- imt sdk/imt_sdk_win_64/winavr/lib/gcc/../../avr/include/avr/delay.h:37,
                 from ../main.c:13:
e:/embedded_iti/01-embedded systems avr tools/01- imt sdk/imt_sdk_win_64/winavr/lib/gcc/../../avr/include/util/delay.h:90:3: warning: #warning "Compiler optimizations disabled; functions from <util/delay.h> won't work as designed"
Finished building: ../main.c
 
Building target: ADC_APP.elf
Invoking: AVR C Linker
avr-gcc -Wl,-Map,ADC_APP.map -mmcu=atmega32 -o "ADC_APP.elf"  ./COTS/Services/Mapping/Mapping_program.o  ./COTS/MCAL/DIO/DIO_program.o  ./COTS/MCAL/ADC/ADC_program.o  ./COTS/HAL/LCD/LCD_program.o  ./main.o   
Finished building target: ADC_APP.elf
 
Invoking: AVR Create Extended Listing
avr-objdump -h -S ADC_APP.elf  >"ADC_APP.lss"
Finished building: ADC_APP.lss
 
Create Flash image (ihex format)
avr-objcopy -R .eeprom -R .fuse -R .lock -R .signature -O ihex ADC_APP.elf  "ADC_APP.hex"
Finished building: ADC_APP.hex
 
Invoking: Print Size
avr-size --format=avr --mcu=atmega32 ADC_APP.elf
AVR Memory Usage
----------------
Device: atmega32

Program:    8704 bytes (26.6% Full)
(.text + .data + .bootloader)

Data:         24 bytes (1.2% Full)
(.data + .bss + .noinit)


Finished building: sizedummy
 

09:04:28 Build Finished (took 2s.316ms)

