06:05:24 **** Incremental Build of configuration Debug for project b ****
make all 
Building target: b.elf
Invoking: AVR C Linker
avr-gcc -Wl,-Map,b.map -mmcu=atmega32 -o "b.elf"  ./main.o   
Finished building target: b.elf
 
Invoking: AVR Create Extended Listing
avr-objdump -h -S b.elf  >"b.lss"
Finished building: b.lss
 
Create Flash image (ihex format)
avr-objcopy -R .eeprom -R .fuse -R .lock -R .signature -O ihex b.elf  "b.hex"
Finished building: b.hex
 
Invoking: Print Size
avr-size --format=avr --mcu=atmega32 b.elf
AVR Memory Usage
----------------
Device: atmega32

Program:     144 bytes (0.4% Full)
(.text + .data + .bootloader)

Data:          0 bytes (0.0% Full)
(.data + .bss + .noinit)


Finished building: sizedummy
 

06:05:24 Build Finished (took 625ms)

