12:46:43 **** Incremental Build of configuration Debug for project EXTI_APP ****
make all 
Building target: EXTI_APP.elf
Invoking: AVR C Linker
avr-gcc -Wl,-Map,EXTI_APP.map -mmcu=atmega32 -o "EXTI_APP.elf"  ./COTS/MCAL/GIE/GIE_program.o  ./COTS/MCAL/EXTI/EXTI_program.o  ./COTS/MCAL/DIO/DIO_program.o  ./COTS/HAL/LEDs/LED_program.o  ./main.o   
Finished building target: EXTI_APP.elf
 
Invoking: AVR Create Extended Listing
avr-objdump -h -S EXTI_APP.elf  >"EXTI_APP.lss"
Finished building: EXTI_APP.lss
 
Create Flash image (ihex format)
avr-objcopy -R .eeprom -R .fuse -R .lock -R .signature -O ihex EXTI_APP.elf  "EXTI_APP.hex"
Finished building: EXTI_APP.hex
 
Invoking: Print Size
avr-size --format=avr --mcu=atmega32 EXTI_APP.elf
AVR Memory Usage
----------------
Device: atmega32

Program:    3588 bytes (10.9% Full)
(.text + .data + .bootloader)

Data:         14 bytes (0.7% Full)
(.data + .bss + .noinit)


Finished building: sizedummy
 

12:46:44 Build Finished (took 703ms)

