13:21:09 **** Incremental Build of configuration Debug for project EXTI_LCD_APP ****
make all 
Building file: ../main.c
Invoking: AVR Compiler
avr-gcc -Wall -g2 -gstabs -O0 -fpack-struct -fshort-enums -ffunction-sections -fdata-sections -std=gnu99 -funsigned-char -funsigned-bitfields -mmcu=atmega32 -DF_CPU=8000000UL -MMD -MP -MF"main.d" -MT"main.o" -c -o "main.o" "../main.c"
In file included from ../main.c:13:
e:/embedded_iti/01-embedded systems avr tools/01- imt sdk/imt_sdk_win_64/winavr/lib/gcc/../../avr/include/avr/delay.h:36:2: warning: #warning "This file has been moved to <util/delay.h>."
In file included from e:/embedded_iti/01-embedded systems avr tools/01- imt sdk/imt_sdk_win_64/winavr/lib/gcc/../../avr/include/avr/delay.h:37,
                 from ../main.c:13:
e:/embedded_iti/01-embedded systems avr tools/01- imt sdk/imt_sdk_win_64/winavr/lib/gcc/../../avr/include/util/delay.h:90:3: warning: #warning "Compiler optimizations disabled; functions from <util/delay.h> won't work as designed"
Finished building: ../main.c
 
Building target: EXTI_LCD_APP.elf
Invoking: AVR C Linker
avr-gcc -Wl,-Map,EXTI_LCD_APP.map -mmcu=atmega32 -o "EXTI_LCD_APP.elf"  ./COTS/Services/LinearSearch/LinearSearch_program.o  ./COTS/Services/BinarySearch/BinarySearch_program.o  ./COTS/MCAL/GIE/GIE_program.o  ./COTS/MCAL/EXTI/EXTI_program.o  ./COTS/MCAL/DIO/DIO_program.o  ./COTS/HAL/LCD/LCD_program.o  ./main.o   
Finished building target: EXTI_LCD_APP.elf
 
Invoking: AVR Create Extended Listing
avr-objdump -h -S EXTI_LCD_APP.elf  >"EXTI_LCD_APP.lss"
Finished building: EXTI_LCD_APP.lss
 
Create Flash image (ihex format)
avr-objcopy -R .eeprom -R .fuse -R .lock -R .signature -O ihex EXTI_LCD_APP.elf  "EXTI_LCD_APP.hex"
Finished building: EXTI_LCD_APP.hex
 
Invoking: Print Size
avr-size --format=avr --mcu=atmega32 EXTI_LCD_APP.elf
AVR Memory Usage
----------------
Device: atmega32

Program:   10032 bytes (30.6% Full)
(.text + .data + .bootloader)

Data:         16 bytes (0.8% Full)
(.data + .bss + .noinit)


Finished building: sizedummy
 

13:21:11 Build Finished (took 1s.809ms)

