09:22:19 **** Incremental Build of configuration Debug for project LCD_ZIG_ZAG_APP ****
make all 
Building file: ../COTS/HAL/LCD/LCD_program.c
Invoking: AVR Compiler
avr-gcc -Wall -g2 -gstabs -O0 -fpack-struct -fshort-enums -ffunction-sections -fdata-sections -std=gnu99 -funsigned-char -funsigned-bitfields -mmcu=atmega32 -DF_CPU=8000000UL -MMD -MP -MF"COTS/HAL/LCD/LCD_program.d" -MT"COTS/HAL/LCD/LCD_program.o" -c -o "COTS/HAL/LCD/LCD_program.o" "../COTS/HAL/LCD/LCD_program.c"
In file included from ../COTS/HAL/LCD/LCD_program.c:14:
e:/embedded_iti/01-embedded systems avr tools/01- imt sdk/imt_sdk_win_64/winavr/lib/gcc/../../avr/include/avr/delay.h:36:2: warning: #warning "This file has been moved to <util/delay.h>."
In file included from e:/embedded_iti/01-embedded systems avr tools/01- imt sdk/imt_sdk_win_64/winavr/lib/gcc/../../avr/include/avr/delay.h:37,
                 from ../COTS/HAL/LCD/LCD_program.c:14:
e:/embedded_iti/01-embedded systems avr tools/01- imt sdk/imt_sdk_win_64/winavr/lib/gcc/../../avr/include/util/delay.h:90:3: warning: #warning "Compiler optimizations disabled; functions from <util/delay.h> won't work as designed"
Finished building: ../COTS/HAL/LCD/LCD_program.c
 
Building target: LCD_ZIG_ZAG_APP.elf
Invoking: AVR C Linker
avr-gcc -Wl,-Map,LCD_ZIG_ZAG_APP.map -mmcu=atmega32 -o "LCD_ZIG_ZAG_APP.elf"  ./COTS/MCAL/DIO/DIO_program.o  ./COTS/HAL/LCD/LCD_program.o  ./main.o   
Finished building target: LCD_ZIG_ZAG_APP.elf
 
Invoking: AVR Create Extended Listing
avr-objdump -h -S LCD_ZIG_ZAG_APP.elf  >"LCD_ZIG_ZAG_APP.lss"
Finished building: LCD_ZIG_ZAG_APP.lss
 
Create Flash image (ihex format)
avr-objcopy -R .eeprom -R .fuse -R .lock -R .signature -O ihex LCD_ZIG_ZAG_APP.elf  "LCD_ZIG_ZAG_APP.hex"
Finished building: LCD_ZIG_ZAG_APP.hex
 
Invoking: Print Size
avr-size --format=avr --mcu=atmega32 LCD_ZIG_ZAG_APP.elf
AVR Memory Usage
----------------
Device: atmega32

Program:    8104 bytes (24.7% Full)
(.text + .data + .bootloader)

Data:          8 bytes (0.4% Full)
(.data + .bss + .noinit)


Finished building: sizedummy
 

09:22:20 Build Finished (took 1s.367ms)

