22:43:27 **** Incremental Build of configuration Debug for project SEVSEG_APP ****
make all 
Building file: ../main.c
Invoking: AVR Compiler
avr-gcc -Wall -g2 -gstabs -O0 -fpack-struct -fshort-enums -ffunction-sections -fdata-sections -std=gnu99 -funsigned-char -funsigned-bitfields -mmcu=atmega32 -DF_CPU=8000000UL -MMD -MP -MF"main.d" -MT"main.o" -c -o "main.o" "../main.c"
Finished building: ../main.c
 
Building target: SEVSEG_APP.elf
Invoking: AVR C Linker
avr-gcc -Wl,-Map,SEVSEG_APP.map -mmcu=atmega32 -o "SEVSEG_APP.elf"  ./COTS/MCAL/DIO/DIO_program.o  ./COTS/HAL/SevenSegment/SEVSEG_program.o  ./main.o   
Finished building target: SEVSEG_APP.elf
 
Invoking: AVR Create Extended Listing
avr-objdump -h -S SEVSEG_APP.elf  >"SEVSEG_APP.lss"
Finished building: SEVSEG_APP.lss
 
Create Flash image (ihex format)
avr-objcopy -R .eeprom -R .fuse -R .lock -R .signature -O ihex SEVSEG_APP.elf  "SEVSEG_APP.hex"
Finished building: SEVSEG_APP.hex
 
Invoking: Print Size
avr-size --format=avr --mcu=atmega32 SEVSEG_APP.elf
AVR Memory Usage
----------------
Device: atmega32

Program:    3056 bytes (9.3% Full)
(.text + .data + .bootloader)

Data:          0 bytes (0.0% Full)
(.data + .bss + .noinit)


Finished building: sizedummy
 

22:43:28 Build Finished (took 673ms)

