09:39:06 **** Incremental Build of configuration Debug for project switches_APP ****
make all 
Building file: ../COTS/MCAL/DIO/DIO_program.c
Invoking: AVR Compiler
avr-gcc -Wall -g2 -gstabs -O0 -fpack-struct -fshort-enums -ffunction-sections -fdata-sections -std=gnu99 -funsigned-char -funsigned-bitfields -mmcu=atmega32 -DF_CPU=8000000UL -MMD -MP -MF"COTS/MCAL/DIO/DIO_program.d" -MT"COTS/MCAL/DIO/DIO_program.o" -c -o "COTS/MCAL/DIO/DIO_program.o" "../COTS/MCAL/DIO/DIO_program.c"
Finished building: ../COTS/MCAL/DIO/DIO_program.c
 
Building file: ../COTS/HAL/Switches/SWITCH_program.c
Invoking: AVR Compiler
avr-gcc -Wall -g2 -gstabs -O0 -fpack-struct -fshort-enums -ffunction-sections -fdata-sections -std=gnu99 -funsigned-char -funsigned-bitfields -mmcu=atmega32 -DF_CPU=8000000UL -MMD -MP -MF"COTS/HAL/Switches/SWITCH_program.d" -MT"COTS/HAL/Switches/SWITCH_program.o" -c -o "COTS/HAL/Switches/SWITCH_program.o" "../COTS/HAL/Switches/SWITCH_program.c"
Finished building: ../COTS/HAL/Switches/SWITCH_program.c
 
Building file: ../main.c
Invoking: AVR Compiler
avr-gcc -Wall -g2 -gstabs -O0 -fpack-struct -fshort-enums -ffunction-sections -fdata-sections -std=gnu99 -funsigned-char -funsigned-bitfields -mmcu=atmega32 -DF_CPU=8000000UL -MMD -MP -MF"main.d" -MT"main.o" -c -o "main.o" "../main.c"
Finished building: ../main.c
 
Building target: switches_APP.elf
Invoking: AVR C Linker
avr-gcc -Wl,-Map,switches_APP.map -mmcu=atmega32 -o "switches_APP.elf"  ./COTS/MCAL/DIO/DIO_program.o  ./COTS/HAL/Switches/SWITCH_program.o  ./main.o   
Finished building target: switches_APP.elf
 
Invoking: AVR Create Extended Listing
avr-objdump -h -S switches_APP.elf  >"switches_APP.lss"
Finished building: switches_APP.lss
 
Create Flash image (ihex format)
avr-objcopy -R .eeprom -R .fuse -R .lock -R .signature -O ihex switches_APP.elf  "switches_APP.hex"
Finished building: switches_APP.hex
 
Invoking: Print Size
avr-size --format=avr --mcu=atmega32 switches_APP.elf
AVR Memory Usage
----------------
Device: atmega32

Program:    2810 bytes (8.6% Full)
(.text + .data + .bootloader)

Data:          0 bytes (0.0% Full)
(.data + .bss + .noinit)


Finished building: sizedummy
 

09:39:11 Build Finished (took 5s.32ms)

