19:30:37 **** Incremental Build of configuration Debug for project traffic_light_APP ****
make all 
Building file: ../main.c
Invoking: AVR Compiler
avr-gcc -Wall -g2 -gstabs -O0 -fpack-struct -fshort-enums -ffunction-sections -fdata-sections -std=gnu99 -funsigned-char -funsigned-bitfields -mmcu=atmega32 -DF_CPU=8000000UL -MMD -MP -MF"main.d" -MT"main.o" -c -o "main.o" "../main.c"
In file included from ../main.c:13:
e:/embedded_iti/01-embedded systems avr tools/01- imt sdk/imt_sdk_win_64/winavr/lib/gcc/../../avr/include/avr/delay.h:36:2: warning: #warning "This file has been moved to <util/delay.h>."
In file included from e:/embedded_iti/01-embedded systems avr tools/01- imt sdk/imt_sdk_win_64/winavr/lib/gcc/../../avr/include/avr/delay.h:37,
                 from ../main.c:13:
e:/embedded_iti/01-embedded systems avr tools/01- imt sdk/imt_sdk_win_64/winavr/lib/gcc/../../avr/include/util/delay.h:90:3: warning: #warning "Compiler optimizations disabled; functions from <util/delay.h> won't work as designed"
Finished building: ../main.c
 
Building target: traffic_light_APP.elf
Invoking: AVR C Linker
avr-gcc -Wl,-Map,traffic_light_APP.map -mmcu=atmega32 -o "traffic_light_APP.elf"  ./COTS/MCAL/DIO/DIO_program.o  ./COTS/HAL/SevenSegment/SEVSEG_program.o  ./COTS/HAL/LCD/LCD_program.o  ./main.o   
Finished building target: traffic_light_APP.elf
 
Invoking: AVR Create Extended Listing
avr-objdump -h -S traffic_light_APP.elf  >"traffic_light_APP.lss"
Finished building: traffic_light_APP.lss
 
Create Flash image (ihex format)
avr-objcopy -R .eeprom -R .fuse -R .lock -R .signature -O ihex traffic_light_APP.elf  "traffic_light_APP.hex"
Finished building: traffic_light_APP.hex
 
Invoking: Print Size
avr-size --format=avr --mcu=atmega32 traffic_light_APP.elf
AVR Memory Usage
----------------
Device: atmega32

Program:    8846 bytes (27.0% Full)
(.text + .data + .bootloader)

Data:         64 bytes (3.1% Full)
(.data + .bss + .noinit)


Finished building: sizedummy
 

19:30:38 Build Finished (took 1s.289ms)

